2017-05-23 11:32:29.343  INFO 8193 --- [main] c.d.i.test.BookControllerITest           : Starting BookControllerITest on diana-Aspire-5742G with PID 8193 (started by diana in /home/diana/workspace/SPQ02/ServerB)
2017-05-23 11:32:29.372  INFO 8193 --- [main] c.d.i.test.BookControllerITest           : No active profile set, falling back to default profiles: default
2017-05-23 11:32:29.514  INFO 8193 --- [main] o.s.w.c.s.GenericWebApplicationContext   : Refreshing org.springframework.web.context.support.GenericWebApplicationContext@5c44c582: startup date [Tue May 23 11:32:29 CEST 2017]; root of context hierarchy
2017-05-23 11:32:33.605  INFO 8193 --- [main] f.a.AutowiredAnnotationBeanPostProcessor : JSR-330 'javax.inject.Inject' annotation found and supported for autowiring
2017-05-23 11:32:34.058  INFO 8193 --- [main] trationDelegate$BeanPostProcessorChecker : Bean 'org.springframework.security.config.annotation.configuration.ObjectPostProcessorConfiguration' of type [org.springframework.security.config.annotation.configuration.ObjectPostProcessorConfiguration$$EnhancerBySpringCGLIB$$41cff8df] is not eligible for getting processed by all BeanPostProcessors (for example: not eligible for auto-proxying)
2017-05-23 11:32:34.096  INFO 8193 --- [main] trationDelegate$BeanPostProcessorChecker : Bean 'objectPostProcessor' of type [org.springframework.security.config.annotation.configuration.AutowireBeanFactoryObjectPostProcessor] is not eligible for getting processed by all BeanPostProcessors (for example: not eligible for auto-proxying)
2017-05-23 11:32:34.101  INFO 8193 --- [main] trationDelegate$BeanPostProcessorChecker : Bean 'org.springframework.security.access.expression.method.DefaultMethodSecurityExpressionHandler@fd9ebde' of type [org.springframework.security.access.expression.method.DefaultMethodSecurityExpressionHandler] is not eligible for getting processed by all BeanPostProcessors (for example: not eligible for auto-proxying)
2017-05-23 11:32:34.119  INFO 8193 --- [main] trationDelegate$BeanPostProcessorChecker : Bean 'org.springframework.security.config.annotation.method.configuration.GlobalMethodSecurityConfiguration' of type [org.springframework.security.config.annotation.method.configuration.GlobalMethodSecurityConfiguration$$EnhancerBySpringCGLIB$$66a49b91] is not eligible for getting processed by all BeanPostProcessors (for example: not eligible for auto-proxying)
2017-05-23 11:32:34.141  INFO 8193 --- [main] trationDelegate$BeanPostProcessorChecker : Bean 'methodSecurityMetadataSource' of type [org.springframework.security.access.method.DelegatingMethodSecurityMetadataSource] is not eligible for getting processed by all BeanPostProcessors (for example: not eligible for auto-proxying)
2017-05-23 11:32:35.010  INFO 8193 --- [main] org.mongodb.driver.cluster               : Cluster created with settings {hosts=[localhost:27017], mode=MULTIPLE, requiredClusterType=UNKNOWN, serverSelectionTimeout='30000 ms', maxWaitQueueSize=500}
2017-05-23 11:32:35.011  INFO 8193 --- [main] org.mongodb.driver.cluster               : Adding discovered server localhost:27017 to client view of cluster
2017-05-23 11:32:35.034  INFO 8193 --- [cluster-ClusterId{value='592401b3bb0f6720010615a3', description='null'}-localhost:27017] org.mongodb.driver.connection            : Opened connection [connectionId{localValue:2, serverValue:209}] to localhost:27017
2017-05-23 11:32:35.045  INFO 8193 --- [cluster-ClusterId{value='592401b3bb0f6720010615a3', description='null'}-localhost:27017] org.mongodb.driver.cluster               : Monitor thread successfully connected to server with description ServerDescription{address=localhost:27017, type=STANDALONE, state=CONNECTED, ok=true, version=ServerVersion{versionList=[3, 4, 4]}, minWireVersion=0, maxWireVersion=5, maxDocumentSize=16777216, roundTripTimeNanos=1207647}
2017-05-23 11:32:35.048  INFO 8193 --- [cluster-ClusterId{value='592401b3bb0f6720010615a3', description='null'}-localhost:27017] org.mongodb.driver.cluster               : Discovered cluster type of STANDALONE
2017-05-23 11:32:36.444  INFO 8193 --- [main] o.s.w.s.v.f.FreeMarkerConfigurer         : ClassTemplateLoader for Spring macros added to FreeMarker configuration
2017-05-23 11:32:38.279  INFO 8193 --- [main] s.w.s.m.m.a.RequestMappingHandlerMapping : Mapped "{[/book],methods=[GET],produces=[application/json]}" onto public org.springframework.http.HttpEntity<?> com.deusto.controllers.BookController.getAllBooks()
2017-05-23 11:32:38.298  INFO 8193 --- [main] s.w.s.m.m.a.RequestMappingHandlerMapping : Mapped "{[/book],methods=[POST],consumes=[application/json]}" onto public org.springframework.http.HttpEntity<?> com.deusto.controllers.BookController.createBook(com.deusto.dtos.BookDTO)
2017-05-23 11:32:38.299  INFO 8193 --- [main] s.w.s.m.m.a.RequestMappingHandlerMapping : Mapped "{[/book/update],methods=[POST],consumes=[application/json]}" onto public org.springframework.http.HttpEntity<?> com.deusto.controllers.BookController.updateBook(com.deusto.models.Book)
2017-05-23 11:32:38.300  INFO 8193 --- [main] s.w.s.m.m.a.RequestMappingHandlerMapping : Mapped "{[/book/{id}],methods=[GET],produces=[application/json]}" onto public org.springframework.http.HttpEntity<?> com.deusto.controllers.BookController.getBookById(java.lang.String)
2017-05-23 11:32:38.304  INFO 8193 --- [main] s.w.s.m.m.a.RequestMappingHandlerMapping : Mapped "{[/book/filter],methods=[POST],consumes=[application/json]}" onto public org.springframework.http.HttpEntity<?> com.deusto.controllers.BookController.getAllBooksFilter1(com.deusto.dtos.FilterDTO)
2017-05-23 11:32:38.323  INFO 8193 --- [main] s.w.s.m.m.a.RequestMappingHandlerMapping : Mapped "{[/index],methods=[POST],consumes=[application/json]}" onto public org.springframework.http.HttpEntity<?> com.deusto.controllers.IndexController.post(com.deusto.models.Book)
2017-05-23 11:32:38.324  INFO 8193 --- [main] s.w.s.m.m.a.RequestMappingHandlerMapping : Mapped "{[/index/auth],methods=[GET],produces=[application/json]}" onto public org.springframework.http.HttpEntity<?> com.deusto.controllers.IndexController.auth()
2017-05-23 11:32:38.329  INFO 8193 --- [main] s.w.s.m.m.a.RequestMappingHandlerMapping : Mapped "{[/index/authUser],methods=[GET],produces=[application/json]}" onto public org.springframework.http.HttpEntity<?> com.deusto.controllers.IndexController.authUser()
2017-05-23 11:32:38.331  INFO 8193 --- [main] s.w.s.m.m.a.RequestMappingHandlerMapping : Mapped "{[/index/unauth],methods=[GET],produces=[application/json]}" onto public org.springframework.http.HttpEntity<?> com.deusto.controllers.IndexController.unAuth()
2017-05-23 11:32:38.332  INFO 8193 --- [main] s.w.s.m.m.a.RequestMappingHandlerMapping : Mapped "{[/index/insertFake],methods=[GET]}" onto public org.springframework.http.HttpEntity<?> com.deusto.controllers.IndexController.index()
2017-05-23 11:32:38.344  INFO 8193 --- [main] s.w.s.m.m.a.RequestMappingHandlerMapping : Mapped "{[/login],methods=[POST],produces=[application/json]}" onto public org.springframework.http.HttpEntity<?> com.deusto.controllers.LoginController.login(com.deusto.dtos.LoginDTO)
2017-05-23 11:32:38.351  INFO 8193 --- [main] s.w.s.m.m.a.RequestMappingHandlerMapping : Mapped "{[/registration/activate/{id}],methods=[GET],produces=[application/json]}" onto public org.springframework.http.HttpEntity<?> com.deusto.controllers.RegistrController.secondStep(java.lang.String)
2017-05-23 11:32:38.354  INFO 8193 --- [main] s.w.s.m.m.a.RequestMappingHandlerMapping : Mapped "{[/registration/person],methods=[POST],produces=[application/json]}" onto public org.springframework.http.HttpEntity<?> com.deusto.controllers.RegistrController.lastStep(com.deusto.dtos.PersonDTO)
2017-05-23 11:32:38.355  INFO 8193 --- [main] s.w.s.m.m.a.RequestMappingHandlerMapping : Mapped "{[/registration],methods=[POST],produces=[application/json]}" onto public org.springframework.http.HttpEntity<?> com.deusto.controllers.RegistrController.firstStep(com.deusto.dtos.RegistrDTO)
2017-05-23 11:32:38.360  INFO 8193 --- [main] s.w.s.m.m.a.RequestMappingHandlerMapping : Mapped "{[/reservation/],methods=[GET],produces=[application/json]}" onto public org.springframework.http.HttpEntity<?> com.deusto.controllers.ReserveController.getAll()
2017-05-23 11:32:38.362  INFO 8193 --- [main] s.w.s.m.m.a.RequestMappingHandlerMapping : Mapped "{[/reservation/create],methods=[POST],consumes=[application/json]}" onto public org.springframework.http.HttpEntity<?> com.deusto.controllers.ReserveController.newReserve(com.deusto.dtos.ReserveDTO)
2017-05-23 11:32:38.371  INFO 8193 --- [main] s.w.s.m.m.a.RequestMappingHandlerMapping : Mapped "{[/swagger-resources/configuration/security]}" onto public org.springframework.http.ResponseEntity<springfox.documentation.swagger.web.SecurityConfiguration> springfox.documentation.swagger.web.ApiResourceController.securityConfiguration()
2017-05-23 11:32:38.373  INFO 8193 --- [main] s.w.s.m.m.a.RequestMappingHandlerMapping : Mapped "{[/swagger-resources]}" onto public org.springframework.http.ResponseEntity<java.util.List<springfox.documentation.swagger.web.SwaggerResource>> springfox.documentation.swagger.web.ApiResourceController.swaggerResources()
2017-05-23 11:32:38.374  INFO 8193 --- [main] s.w.s.m.m.a.RequestMappingHandlerMapping : Mapped "{[/swagger-resources/configuration/ui]}" onto public org.springframework.http.ResponseEntity<springfox.documentation.swagger.web.UiConfiguration> springfox.documentation.swagger.web.ApiResourceController.uiConfiguration()
2017-05-23 11:32:38.387  INFO 8193 --- [main] s.w.s.m.m.a.RequestMappingHandlerMapping : Mapped "{[/error],produces=[text/html]}" onto public org.springframework.web.servlet.ModelAndView org.springframework.boot.autoconfigure.web.servlet.error.BasicErrorController.errorHtml(javax.servlet.http.HttpServletRequest,javax.servlet.http.HttpServletResponse)
2017-05-23 11:32:38.388  INFO 8193 --- [main] s.w.s.m.m.a.RequestMappingHandlerMapping : Mapped "{[/error]}" onto public org.springframework.http.ResponseEntity<java.util.Map<java.lang.String, java.lang.Object>> org.springframework.boot.autoconfigure.web.servlet.error.BasicErrorController.error(javax.servlet.http.HttpServletRequest)
2017-05-23 11:32:39.248  INFO 8193 --- [main] pertySourcedRequestMappingHandlerMapping : Mapped URL path [/v2/api-docs] onto method [public org.springframework.http.ResponseEntity<springfox.documentation.spring.web.json.Json> springfox.documentation.swagger2.web.Swagger2Controller.getDocumentation(java.lang.String,javax.servlet.http.HttpServletRequest)]
2017-05-23 11:32:40.221  INFO 8193 --- [main] o.s.s.web.DefaultSecurityFilterChain     : Creating filter chain: Ant [pattern='/v2/api-docs'], []
2017-05-23 11:32:40.222  INFO 8193 --- [main] o.s.s.web.DefaultSecurityFilterChain     : Creating filter chain: Ant [pattern='/configuration/ui'], []
2017-05-23 11:32:40.222  INFO 8193 --- [main] o.s.s.web.DefaultSecurityFilterChain     : Creating filter chain: Ant [pattern='/swagger-resources'], []
2017-05-23 11:32:40.222  INFO 8193 --- [main] o.s.s.web.DefaultSecurityFilterChain     : Creating filter chain: Ant [pattern='/configuration/security'], []
2017-05-23 11:32:40.222  INFO 8193 --- [main] o.s.s.web.DefaultSecurityFilterChain     : Creating filter chain: Ant [pattern='/swagger-ui.html'], []
2017-05-23 11:32:40.222  INFO 8193 --- [main] o.s.s.web.DefaultSecurityFilterChain     : Creating filter chain: Ant [pattern='/webjars/**'], []
2017-05-23 11:32:40.223  INFO 8193 --- [main] o.s.s.web.DefaultSecurityFilterChain     : Creating filter chain: Ant [pattern='/swagger-resources/configuration/ui'], []
2017-05-23 11:32:40.224  INFO 8193 --- [main] o.s.s.web.DefaultSecurityFilterChain     : Creating filter chain: Ant [pattern='/swagger-resources/configuration/security'], []
2017-05-23 11:32:40.639  INFO 8193 --- [main] o.s.s.web.DefaultSecurityFilterChain     : Creating filter chain: org.springframework.security.web.util.matcher.AnyRequestMatcher@1, [org.springframework.security.web.context.request.async.WebAsyncManagerIntegrationFilter@4525e9e8, org.springframework.security.web.context.SecurityContextPersistenceFilter@226de93c, org.springframework.security.web.header.HeaderWriterFilter@4dfdfe7d, org.springframework.security.web.authentication.logout.LogoutFilter@60e1d87c, com.deusto.security.AuthenticationTokenFilter@443a53df, org.springframework.security.web.savedrequest.RequestCacheAwareFilter@74667e6a, org.springframework.security.web.servletapi.SecurityContextHolderAwareRequestFilter@2c30c81d, org.springframework.security.web.authentication.AnonymousAuthenticationFilter@6c33da7a, org.springframework.security.web.session.SessionManagementFilter@f613067, org.springframework.security.web.access.ExceptionTranslationFilter@88b76f2, org.springframework.security.web.access.intercept.FilterSecurityInterceptor@4f820f42]
2017-05-23 11:32:41.722  INFO 8193 --- [main] o.s.b.t.m.w.SpringBootMockServletContext : Initializing Spring FrameworkServlet ''
2017-05-23 11:32:41.723  INFO 8193 --- [main] o.s.t.web.servlet.TestDispatcherServlet  : FrameworkServlet '': initialization started
2017-05-23 11:32:41.964  INFO 8193 --- [main] o.s.w.s.handler.SimpleUrlHandlerMapping  : Mapped URL path [/webjars/**] onto handler of type [class org.springframework.web.servlet.resource.ResourceHttpRequestHandler]
2017-05-23 11:32:41.964  INFO 8193 --- [main] o.s.w.s.handler.SimpleUrlHandlerMapping  : Mapped URL path [/**] onto handler of type [class org.springframework.web.servlet.resource.ResourceHttpRequestHandler]
2017-05-23 11:32:42.108  INFO 8193 --- [main] o.s.w.s.handler.SimpleUrlHandlerMapping  : Mapped URL path [/**/favicon.ico] onto handler of type [class org.springframework.web.servlet.resource.ResourceHttpRequestHandler]
2017-05-23 11:32:42.508  INFO 8193 --- [main] s.w.s.m.m.a.RequestMappingHandlerAdapter : Looking for @ControllerAdvice: org.springframework.web.context.support.GenericWebApplicationContext@5c44c582: startup date [Tue May 23 11:32:29 CEST 2017]; root of context hierarchy
2017-05-23 11:32:43.398  INFO 8193 --- [main] o.s.t.web.servlet.TestDispatcherServlet  : FrameworkServlet '': initialization completed in 1674 ms
2017-05-23 11:32:44.846  INFO 8193 --- [main] o.s.c.support.DefaultLifecycleProcessor  : Starting beans in phase 2147483647
2017-05-23 11:32:44.847  INFO 8193 --- [main] d.s.w.p.DocumentationPluginsBootstrapper : Context refreshed
2017-05-23 11:32:44.895  INFO 8193 --- [main] d.s.w.p.DocumentationPluginsBootstrapper : Found 1 custom documentation plugin(s)
2017-05-23 11:32:44.999  INFO 8193 --- [main] s.d.s.w.s.ApiListingReferenceScanner     : Scanning for api listing references
2017-05-23 11:32:46.622  INFO 8193 --- [main] c.d.i.test.BookControllerITest           : Started BookControllerITest in 18.145 seconds (JVM running for 21.998)
2017-05-23 11:32:46.861  INFO 8193 --- [main] org.mongodb.driver.connection            : Opened connection [connectionId{localValue:3, serverValue:210}] to localhost:27017
2017-05-23 11:32:47.551  INFO 8193 --- [main] org.mongodb.driver.connection            : Opened connection [connectionId{localValue:4, serverValue:211}] to localhost:27017
2017-05-23 11:32:50.240  INFO 8193 --- [main] c.d.i.test.BookControllerITest           : [{"id":"51b6eab8cd794eb62bb3e131","title":"Test-book-1","authorFirstName":"authorFirstName1","authorLastName":"authorLastName1","genre":"genre1","description":"description description description description description description description description description description description description description description description description description description description ","publishDate":1492609908240,"pages":401,"ageLimit":18,"count":5,"tags":["tag1","tag2"]},{"id":"51b6eab8cd794eb62bb3e133","title":"Test-book-1","authorFirstName":"authorFirstName2","authorLastName":"authorLastName2","genre":"genre2","description":"description description description description description description description description description description description description description description description description description description description ","publishDate":1492609908240,"pages":401,"ageLimit":18,"count":5,"tags":["tag1","tag2","tag7"]},{"id":"51b6eab8cd794eb62bb3e132","title":"Test-book-2","authorFirstName":"authorFirstName2","authorLastName":"authorLastName2","genre":"genre2","description":"description description description description description description description description description description description description description description description description description description description ","publishDate":1492609908240,"pages":401,"ageLimit":18,"count":5,"tags":["tag1","tag2","tag3"]},{"id":"51b6eab8cd794eb62bb3e133","title":"Test-book-1","authorFirstName":"authorFirstName2","authorLastName":"authorLastName2","genre":"genre2","description":"description description description description description description description description description description description description description description description description description description description ","publishDate":1492609908240,"pages":401,"ageLimit":18,"count":5,"tags":["tag1","tag2","tag7"]}]
2017-05-23 11:32:50.252  INFO 8193 --- [main] org.mongodb.driver.connection            : Closed connection [connectionId{localValue:3, serverValue:210}] to localhost:27017 because the pool has been closed.
2017-05-23 11:32:50.261  INFO 8193 --- [main] org.mongodb.driver.cluster               : Cluster created with settings {hosts=[localhost:27017], mode=SINGLE, requiredClusterType=UNKNOWN, serverSelectionTimeout='30000 ms', maxWaitQueueSize=500}
2017-05-23 11:32:50.268  INFO 8193 --- [cluster-ClusterId{value='592401c2bb0f6720010615a4', description='null'}-localhost:27017] org.mongodb.driver.connection            : Opened connection [connectionId{localValue:5, serverValue:212}] to localhost:27017
2017-05-23 11:32:50.270  INFO 8193 --- [cluster-ClusterId{value='592401c2bb0f6720010615a4', description='null'}-localhost:27017] org.mongodb.driver.cluster               : Monitor thread successfully connected to server with description ServerDescription{address=localhost:27017, type=STANDALONE, state=CONNECTED, ok=true, version=ServerVersion{versionList=[3, 4, 4]}, minWireVersion=0, maxWireVersion=5, maxDocumentSize=16777216, roundTripTimeNanos=656217}
2017-05-23 11:32:50.273  INFO 8193 --- [main] org.mongodb.driver.cluster               : No server chosen by ReadPreferenceServerSelector{readPreference=primary} from cluster description ClusterDescription{type=UNKNOWN, connectionMode=SINGLE, serverDescriptions=[ServerDescription{address=localhost:27017, type=UNKNOWN, state=CONNECTING}]}. Waiting for 30000 ms before timing out
2017-05-23 11:32:50.289  INFO 8193 --- [main] org.mongodb.driver.connection            : Opened connection [connectionId{localValue:6, serverValue:213}] to localhost:27017
2017-05-23 11:32:50.333  INFO 8193 --- [main] c.d.i.test.BookControllerITest           : [{"id":"51b6eab8cd794eb62bb3e131","title":"Test-book-1","authorFirstName":"authorFirstName1","authorLastName":"authorLastName1","genre":"genre1","description":"description description description description description description description description description description description description description description description description description description description ","publishDate":1492609908240,"pages":401,"ageLimit":18,"count":5,"tags":["tag1","tag2"]},{"id":"51b6eab8cd794eb62bb3e132","title":"Test-book-2","authorFirstName":"authorFirstName2","authorLastName":"authorLastName2","genre":"genre2","description":"description description description description description description description description description description description description description description description description description description description ","publishDate":1492609908240,"pages":401,"ageLimit":18,"count":5,"tags":["tag1","tag2","tag3"]},{"id":"51b6eab8cd794eb62bb3e133","title":"Test-book-1","authorFirstName":"authorFirstName2","authorLastName":"authorLastName2","genre":"genre2","description":"description description description description description description description description description description description description description description description description description description description ","publishDate":1492609908240,"pages":401,"ageLimit":18,"count":5,"tags":["tag1","tag2","tag7"]}]
2017-05-23 11:32:50.338  INFO 8193 --- [main] org.mongodb.driver.connection            : Closed connection [connectionId{localValue:6, serverValue:213}] to localhost:27017 because the pool has been closed.
2017-05-23 11:32:50.344  INFO 8193 --- [Thread-3] o.s.w.c.s.GenericWebApplicationContext   : Closing org.springframework.web.context.support.GenericWebApplicationContext@5c44c582: startup date [Tue May 23 11:32:29 CEST 2017]; root of context hierarchy
2017-05-23 11:32:50.350  INFO 8193 --- [Thread-3] o.s.c.support.DefaultLifecycleProcessor  : Stopping beans in phase 2147483647
2017-05-23 11:32:50.370  INFO 8193 --- [Thread-3] org.mongodb.driver.connection            : Closed connection [connectionId{localValue:4, serverValue:211}] to localhost:27017 because the pool has been closed.
